<?xml version="1.0" encoding="UTF-8"?>
<!-- Generated by org.testng.reporters.JUnitReportReporter -->
<testsuite skipped="0" hostname="LAPTOP-BAVJ3J78" name="com.urban.Runner.testRunner" tests="10" failures="0" timestamp="2021-09-28T19:10:32 IST" time="207.779" errors="0">
  <testcase name="test" time="25.533" classname="com.urban.Runner.testRunner"/>
  <system-out/>
  <testcase name="testsearch" time="24.028" classname="com.urban.Runner.testRunner"/>
  <system-out/>
  <testcase name="testcampare" time="20.116" classname="com.urban.Runner.testRunner"/>
  <system-out/>
  <testcase name="teststore" time="18.665" classname="com.urban.Runner.testRunner"/>
  <system-out/>
  <testcase name="testprice" time="21.255" classname="com.urban.Runner.testRunner"/>
  <system-out/>
  <testcase name="testsofa" time="23.729" classname="com.urban.Runner.testRunner"/>
  <system-out/>
  <testcase name="sortresult" time="21.802" classname="com.urban.Runner.testRunner"/>
  <system-out/>
  <testcase name="testlinks" time="18.189" classname="com.urban.Runner.testRunner"/>
  <system-out/>
  <testcase name="testemi" time="18.662" classname="com.urban.Runner.testRunner"/>
  <system-out/>
  <testcase name="testDeals" time="15.800" classname="com.urban.Runner.testRunner"/>
  <system-out/>
</testsuite> <!-- com.urban.Runner.testRunner -->
